WARNING - 2025-03-12 18:20:15 --> [DEPRECATED] Passing lowercase HTTP method "get" is deprecated. Use uppercase HTTP method like "GET". in SYSTEMPATH\Router\RouteCollection.php on line 1027.
 1 SYSTEMPATH\Router\RouteCollection.php(1027): trigger_error('Passing lowercase HTTP method "get" is deprecated. Use uppercase HTTP method like "GET".', 16384)
 2 APPPATH\Config\Routes.php(9): CodeIgniter\Router\RouteCollection->match([...], 'news/create', 'News::create')
 3 SYSTEMPATH\Router\RouteCollection.php(340): require('C:\\xampp\\htdocs\\codeigniter\\app\\Config\\Routes.php')
 4 SYSTEMPATH\CodeIgniter.php(823): CodeIgniter\Router\RouteCollection->loadRoutes()
 5 SYSTEMPATH\CodeIgniter.php(457): CodeIgniter\CodeIgniter->tryToRouteIt(null)
 6 SYSTEMPATH\CodeIgniter.php(355): CodeIgniter\CodeIgniter->handleRequest(null, Object(Config\Cache), false)
 7 SYSTEMPATH\Boot.php(325): CodeIgniter\CodeIgniter->run()
 8 SYSTEMPATH\Boot.php(67): CodeIgniter\Boot::runCodeIgniter(Object(CodeIgniter\CodeIgniter))
 9 FCPATH\index.php(56): CodeIgniter\Boot::bootWeb(Object(Config\Paths))
WARNING - 2025-03-12 18:20:15 --> [DEPRECATED] Passing lowercase HTTP method "post" is deprecated. Use uppercase HTTP method like "POST". in SYSTEMPATH\Router\RouteCollection.php on line 1027.
 1 SYSTEMPATH\Router\RouteCollection.php(1027): trigger_error('Passing lowercase HTTP method "post" is deprecated. Use uppercase HTTP method like "POST".', 16384)
 2 APPPATH\Config\Routes.php(9): CodeIgniter\Router\RouteCollection->match([...], 'news/create', 'News::create')
 3 SYSTEMPATH\Router\RouteCollection.php(340): require('C:\\xampp\\htdocs\\codeigniter\\app\\Config\\Routes.php')
 4 SYSTEMPATH\CodeIgniter.php(823): CodeIgniter\Router\RouteCollection->loadRoutes()
 5 SYSTEMPATH\CodeIgniter.php(457): CodeIgniter\CodeIgniter->tryToRouteIt(null)
 6 SYSTEMPATH\CodeIgniter.php(355): CodeIgniter\CodeIgniter->handleRequest(null, Object(Config\Cache), false)
 7 SYSTEMPATH\Boot.php(325): CodeIgniter\CodeIgniter->run()
 8 SYSTEMPATH\Boot.php(67): CodeIgniter\Boot::runCodeIgniter(Object(CodeIgniter\CodeIgniter))
 9 FCPATH\index.php(56): CodeIgniter\Boot::bootWeb(Object(Config\Paths))
WARNING - 2025-03-12 18:21:49 --> [DEPRECATED] Passing lowercase HTTP method "get" is deprecated. Use uppercase HTTP method like "GET". in SYSTEMPATH\Router\RouteCollection.php on line 1027.
 1 SYSTEMPATH\Router\RouteCollection.php(1027): trigger_error('Passing lowercase HTTP method "get" is deprecated. Use uppercase HTTP method like "GET".', 16384)
 2 APPPATH\Config\Routes.php(9): CodeIgniter\Router\RouteCollection->match([...], 'news/create', 'News::create')
 3 SYSTEMPATH\Router\RouteCollection.php(340): require('C:\\xampp\\htdocs\\codeigniter\\app\\Config\\Routes.php')
 4 SYSTEMPATH\CodeIgniter.php(823): CodeIgniter\Router\RouteCollection->loadRoutes()
 5 SYSTEMPATH\CodeIgniter.php(457): CodeIgniter\CodeIgniter->tryToRouteIt(null)
 6 SYSTEMPATH\CodeIgniter.php(355): CodeIgniter\CodeIgniter->handleRequest(null, Object(Config\Cache), false)
 7 SYSTEMPATH\Boot.php(325): CodeIgniter\CodeIgniter->run()
 8 SYSTEMPATH\Boot.php(67): CodeIgniter\Boot::runCodeIgniter(Object(CodeIgniter\CodeIgniter))
 9 FCPATH\index.php(56): CodeIgniter\Boot::bootWeb(Object(Config\Paths))
WARNING - 2025-03-12 18:21:49 --> [DEPRECATED] Passing lowercase HTTP method "post" is deprecated. Use uppercase HTTP method like "POST". in SYSTEMPATH\Router\RouteCollection.php on line 1027.
 1 SYSTEMPATH\Router\RouteCollection.php(1027): trigger_error('Passing lowercase HTTP method "post" is deprecated. Use uppercase HTTP method like "POST".', 16384)
 2 APPPATH\Config\Routes.php(9): CodeIgniter\Router\RouteCollection->match([...], 'news/create', 'News::create')
 3 SYSTEMPATH\Router\RouteCollection.php(340): require('C:\\xampp\\htdocs\\codeigniter\\app\\Config\\Routes.php')
 4 SYSTEMPATH\CodeIgniter.php(823): CodeIgniter\Router\RouteCollection->loadRoutes()
 5 SYSTEMPATH\CodeIgniter.php(457): CodeIgniter\CodeIgniter->tryToRouteIt(null)
 6 SYSTEMPATH\CodeIgniter.php(355): CodeIgniter\CodeIgniter->handleRequest(null, Object(Config\Cache), false)
 7 SYSTEMPATH\Boot.php(325): CodeIgniter\CodeIgniter->run()
 8 SYSTEMPATH\Boot.php(67): CodeIgniter\Boot::runCodeIgniter(Object(CodeIgniter\CodeIgniter))
 9 FCPATH\index.php(56): CodeIgniter\Boot::bootWeb(Object(Config\Paths))
ERROR - 2025-03-12 18:21:49 --> ErrorException: pg_query(): Query failed: ERRORE:  la relazione &quot;news&quot; non esiste
LINE 1: SELECT * FROM news ORDER BY title;
                      ^ in C:\xampp\htdocs\codeigniter\system\Database\Postgre\Connection.php:204
Stack trace:
#0 [internal function]: CodeIgniter\Debug\Exceptions->errorHandler(2, 'pg_query(): Que...', 'C:\\xampp\\htdocs...', 204)
#1 C:\xampp\htdocs\codeigniter\system\Database\Postgre\Connection.php(204): pg_query(Object(PgSql\Connection), 'SELECT * FROM n...')
#2 C:\xampp\htdocs\codeigniter\system\Database\BaseConnection.php(734): CodeIgniter\Database\Postgre\Connection->execute('SELECT * FROM n...')
#3 C:\xampp\htdocs\codeigniter\system\Database\BaseConnection.php(648): CodeIgniter\Database\BaseConnection->simpleQuery('SELECT * FROM n...')
#4 C:\xampp\htdocs\codeigniter\system\Model.php(926): CodeIgniter\Database\BaseConnection->query('SELECT * FROM n...')
#5 C:\xampp\htdocs\codeigniter\app\Models\NewsModel.php(21): CodeIgniter\Model->__call('query', Array)
#6 C:\xampp\htdocs\codeigniter\app\Controllers\News.php(12): App\Models\NewsModel->getNews()
#7 C:\xampp\htdocs\codeigniter\system\CodeIgniter.php(933): App\Controllers\News->index()
#8 C:\xampp\htdocs\codeigniter\system\CodeIgniter.php(509): CodeIgniter\CodeIgniter->runController(Object(App\Controllers\News))
#9 C:\xampp\htdocs\codeigniter\system\CodeIgniter.php(355): CodeIgniter\CodeIgniter->handleRequest(NULL, Object(Config\Cache), false)
#10 C:\xampp\htdocs\codeigniter\system\Boot.php(325): CodeIgniter\CodeIgniter->run()
#11 C:\xampp\htdocs\codeigniter\system\Boot.php(67): CodeIgniter\Boot::runCodeIgniter(Object(CodeIgniter\CodeIgniter))
#12 C:\xampp\htdocs\codeigniter\index.php(56): CodeIgniter\Boot::bootWeb(Object(Config\Paths))
#13 {main}
CRITICAL - 2025-03-12 18:21:49 --> CodeIgniter\Database\Exceptions\DatabaseException: pg_query(): Query failed: ERRORE:  la relazione &quot;news&quot; non esiste
LINE 1: SELECT * FROM news ORDER BY title;
                      ^
[Method: GET, Route: news]
in SYSTEMPATH\Database\BaseConnection.php on line 688.
 1 SYSTEMPATH\Model.php(926): CodeIgniter\Database\BaseConnection->query('SELECT * FROM news ORDER BY title;')
 2 APPPATH\Models\NewsModel.php(21): CodeIgniter\Model->__call('query', [...])
 3 APPPATH\Controllers\News.php(12): App\Models\NewsModel->getNews()
 4 SYSTEMPATH\CodeIgniter.php(933): App\Controllers\News->index()
 5 SYSTEMPATH\CodeIgniter.php(509): CodeIgniter\CodeIgniter->runController(Object(App\Controllers\News))
 6 SYSTEMPATH\CodeIgniter.php(355): CodeIgniter\CodeIgniter->handleRequest(null, Object(Config\Cache), false)
 7 SYSTEMPATH\Boot.php(325): CodeIgniter\CodeIgniter->run()
 8 SYSTEMPATH\Boot.php(67): CodeIgniter\Boot::runCodeIgniter(Object(CodeIgniter\CodeIgniter))
 9 FCPATH\index.php(56): CodeIgniter\Boot::bootWeb(Object(Config\Paths))
CRITICAL - 2025-03-12 18:21:49 --> [Caused by] CodeIgniter\Database\Exceptions\DatabaseException: pg_query(): Query failed: ERRORE:  la relazione &quot;news&quot; non esiste
LINE 1: SELECT * FROM news ORDER BY title;
                      ^
in SYSTEMPATH\Database\Postgre\Connection.php on line 209.
 1 SYSTEMPATH\Database\BaseConnection.php(734): CodeIgniter\Database\Postgre\Connection->execute('SELECT * FROM news ORDER BY title;')
 2 SYSTEMPATH\Database\BaseConnection.php(648): CodeIgniter\Database\BaseConnection->simpleQuery('SELECT * FROM news ORDER BY title;')
 3 SYSTEMPATH\Model.php(926): CodeIgniter\Database\BaseConnection->query('SELECT * FROM news ORDER BY title;')
 4 APPPATH\Models\NewsModel.php(21): CodeIgniter\Model->__call('query', [...])
 5 APPPATH\Controllers\News.php(12): App\Models\NewsModel->getNews()
 6 SYSTEMPATH\CodeIgniter.php(933): App\Controllers\News->index()
 7 SYSTEMPATH\CodeIgniter.php(509): CodeIgniter\CodeIgniter->runController(Object(App\Controllers\News))
 8 SYSTEMPATH\CodeIgniter.php(355): CodeIgniter\CodeIgniter->handleRequest(null, Object(Config\Cache), false)
 9 SYSTEMPATH\Boot.php(325): CodeIgniter\CodeIgniter->run()
10 SYSTEMPATH\Boot.php(67): CodeIgniter\Boot::runCodeIgniter(Object(CodeIgniter\CodeIgniter))
11 FCPATH\index.php(56): CodeIgniter\Boot::bootWeb(Object(Config\Paths))
CRITICAL - 2025-03-12 18:21:49 --> [Caused by] ErrorException: pg_query(): Query failed: ERRORE:  la relazione &quot;news&quot; non esiste
LINE 1: SELECT * FROM news ORDER BY title;
                      ^
in SYSTEMPATH\Database\Postgre\Connection.php on line 204.
 1 [internal function]: CodeIgniter\Debug\Exceptions->errorHandler(2, 'pg_query(): Query failed: ERRORE:  la relazione &quot;news&quot; non esiste
LINE 1: SELECT * FROM news ORDER BY title;
                      ^', 'C:\\xampp\\htdocs\\codeigniter\\system\\Database\\Postgre\\Connection.php', 204)
 2 SYSTEMPATH\Database\Postgre\Connection.php(204): pg_query(Object(PgSql\Connection), 'SELECT * FROM news ORDER BY title;')
 3 SYSTEMPATH\Database\BaseConnection.php(734): CodeIgniter\Database\Postgre\Connection->execute('SELECT * FROM news ORDER BY title;')
 4 SYSTEMPATH\Database\BaseConnection.php(648): CodeIgniter\Database\BaseConnection->simpleQuery('SELECT * FROM news ORDER BY title;')
 5 SYSTEMPATH\Model.php(926): CodeIgniter\Database\BaseConnection->query('SELECT * FROM news ORDER BY title;')
 6 APPPATH\Models\NewsModel.php(21): CodeIgniter\Model->__call('query', [...])
 7 APPPATH\Controllers\News.php(12): App\Models\NewsModel->getNews()
 8 SYSTEMPATH\CodeIgniter.php(933): App\Controllers\News->index()
 9 SYSTEMPATH\CodeIgniter.php(509): CodeIgniter\CodeIgniter->runController(Object(App\Controllers\News))
10 SYSTEMPATH\CodeIgniter.php(355): CodeIgniter\CodeIgniter->handleRequest(null, Object(Config\Cache), false)
11 SYSTEMPATH\Boot.php(325): CodeIgniter\CodeIgniter->run()
12 SYSTEMPATH\Boot.php(67): CodeIgniter\Boot::runCodeIgniter(Object(CodeIgniter\CodeIgniter))
13 FCPATH\index.php(56): CodeIgniter\Boot::bootWeb(Object(Config\Paths))
WARNING - 2025-03-12 18:22:18 --> [DEPRECATED] Passing lowercase HTTP method "get" is deprecated. Use uppercase HTTP method like "GET". in SYSTEMPATH\Router\RouteCollection.php on line 1027.
 1 SYSTEMPATH\Router\RouteCollection.php(1027): trigger_error('Passing lowercase HTTP method "get" is deprecated. Use uppercase HTTP method like "GET".', 16384)
 2 APPPATH\Config\Routes.php(9): CodeIgniter\Router\RouteCollection->match([...], 'news/create', 'News::create')
 3 SYSTEMPATH\Router\RouteCollection.php(340): require('C:\\xampp\\htdocs\\codeigniter\\app\\Config\\Routes.php')
 4 SYSTEMPATH\CodeIgniter.php(823): CodeIgniter\Router\RouteCollection->loadRoutes()
 5 SYSTEMPATH\CodeIgniter.php(457): CodeIgniter\CodeIgniter->tryToRouteIt(null)
 6 SYSTEMPATH\CodeIgniter.php(355): CodeIgniter\CodeIgniter->handleRequest(null, Object(Config\Cache), false)
 7 SYSTEMPATH\Boot.php(325): CodeIgniter\CodeIgniter->run()
 8 SYSTEMPATH\Boot.php(67): CodeIgniter\Boot::runCodeIgniter(Object(CodeIgniter\CodeIgniter))
 9 FCPATH\index.php(56): CodeIgniter\Boot::bootWeb(Object(Config\Paths))
WARNING - 2025-03-12 18:22:18 --> [DEPRECATED] Passing lowercase HTTP method "post" is deprecated. Use uppercase HTTP method like "POST". in SYSTEMPATH\Router\RouteCollection.php on line 1027.
 1 SYSTEMPATH\Router\RouteCollection.php(1027): trigger_error('Passing lowercase HTTP method "post" is deprecated. Use uppercase HTTP method like "POST".', 16384)
 2 APPPATH\Config\Routes.php(9): CodeIgniter\Router\RouteCollection->match([...], 'news/create', 'News::create')
 3 SYSTEMPATH\Router\RouteCollection.php(340): require('C:\\xampp\\htdocs\\codeigniter\\app\\Config\\Routes.php')
 4 SYSTEMPATH\CodeIgniter.php(823): CodeIgniter\Router\RouteCollection->loadRoutes()
 5 SYSTEMPATH\CodeIgniter.php(457): CodeIgniter\CodeIgniter->tryToRouteIt(null)
 6 SYSTEMPATH\CodeIgniter.php(355): CodeIgniter\CodeIgniter->handleRequest(null, Object(Config\Cache), false)
 7 SYSTEMPATH\Boot.php(325): CodeIgniter\CodeIgniter->run()
 8 SYSTEMPATH\Boot.php(67): CodeIgniter\Boot::runCodeIgniter(Object(CodeIgniter\CodeIgniter))
 9 FCPATH\index.php(56): CodeIgniter\Boot::bootWeb(Object(Config\Paths))
ERROR - 2025-03-12 18:22:18 --> ErrorException: pg_query(): Query failed: ERRORE:  la relazione &quot;news&quot; non esiste
LINE 1: SELECT * FROM news ORDER BY title;
                      ^ in C:\xampp\htdocs\codeigniter\system\Database\Postgre\Connection.php:204
Stack trace:
#0 [internal function]: CodeIgniter\Debug\Exceptions->errorHandler(2, 'pg_query(): Que...', 'C:\\xampp\\htdocs...', 204)
#1 C:\xampp\htdocs\codeigniter\system\Database\Postgre\Connection.php(204): pg_query(Object(PgSql\Connection), 'SELECT * FROM n...')
#2 C:\xampp\htdocs\codeigniter\system\Database\BaseConnection.php(734): CodeIgniter\Database\Postgre\Connection->execute('SELECT * FROM n...')
#3 C:\xampp\htdocs\codeigniter\system\Database\BaseConnection.php(648): CodeIgniter\Database\BaseConnection->simpleQuery('SELECT * FROM n...')
#4 C:\xampp\htdocs\codeigniter\system\Model.php(926): CodeIgniter\Database\BaseConnection->query('SELECT * FROM n...')
#5 C:\xampp\htdocs\codeigniter\app\Models\NewsModel.php(21): CodeIgniter\Model->__call('query', Array)
#6 C:\xampp\htdocs\codeigniter\app\Controllers\News.php(12): App\Models\NewsModel->getNews()
#7 C:\xampp\htdocs\codeigniter\system\CodeIgniter.php(933): App\Controllers\News->index()
#8 C:\xampp\htdocs\codeigniter\system\CodeIgniter.php(509): CodeIgniter\CodeIgniter->runController(Object(App\Controllers\News))
#9 C:\xampp\htdocs\codeigniter\system\CodeIgniter.php(355): CodeIgniter\CodeIgniter->handleRequest(NULL, Object(Config\Cache), false)
#10 C:\xampp\htdocs\codeigniter\system\Boot.php(325): CodeIgniter\CodeIgniter->run()
#11 C:\xampp\htdocs\codeigniter\system\Boot.php(67): CodeIgniter\Boot::runCodeIgniter(Object(CodeIgniter\CodeIgniter))
#12 C:\xampp\htdocs\codeigniter\index.php(56): CodeIgniter\Boot::bootWeb(Object(Config\Paths))
#13 {main}
CRITICAL - 2025-03-12 18:22:18 --> CodeIgniter\Database\Exceptions\DatabaseException: pg_query(): Query failed: ERRORE:  la relazione &quot;news&quot; non esiste
LINE 1: SELECT * FROM news ORDER BY title;
                      ^
[Method: GET, Route: news]
in SYSTEMPATH\Database\BaseConnection.php on line 688.
 1 SYSTEMPATH\Model.php(926): CodeIgniter\Database\BaseConnection->query('SELECT * FROM news ORDER BY title;')
 2 APPPATH\Models\NewsModel.php(21): CodeIgniter\Model->__call('query', [...])
 3 APPPATH\Controllers\News.php(12): App\Models\NewsModel->getNews()
 4 SYSTEMPATH\CodeIgniter.php(933): App\Controllers\News->index()
 5 SYSTEMPATH\CodeIgniter.php(509): CodeIgniter\CodeIgniter->runController(Object(App\Controllers\News))
 6 SYSTEMPATH\CodeIgniter.php(355): CodeIgniter\CodeIgniter->handleRequest(null, Object(Config\Cache), false)
 7 SYSTEMPATH\Boot.php(325): CodeIgniter\CodeIgniter->run()
 8 SYSTEMPATH\Boot.php(67): CodeIgniter\Boot::runCodeIgniter(Object(CodeIgniter\CodeIgniter))
 9 FCPATH\index.php(56): CodeIgniter\Boot::bootWeb(Object(Config\Paths))
CRITICAL - 2025-03-12 18:22:18 --> [Caused by] CodeIgniter\Database\Exceptions\DatabaseException: pg_query(): Query failed: ERRORE:  la relazione &quot;news&quot; non esiste
LINE 1: SELECT * FROM news ORDER BY title;
                      ^
in SYSTEMPATH\Database\Postgre\Connection.php on line 209.
 1 SYSTEMPATH\Database\BaseConnection.php(734): CodeIgniter\Database\Postgre\Connection->execute('SELECT * FROM news ORDER BY title;')
 2 SYSTEMPATH\Database\BaseConnection.php(648): CodeIgniter\Database\BaseConnection->simpleQuery('SELECT * FROM news ORDER BY title;')
 3 SYSTEMPATH\Model.php(926): CodeIgniter\Database\BaseConnection->query('SELECT * FROM news ORDER BY title;')
 4 APPPATH\Models\NewsModel.php(21): CodeIgniter\Model->__call('query', [...])
 5 APPPATH\Controllers\News.php(12): App\Models\NewsModel->getNews()
 6 SYSTEMPATH\CodeIgniter.php(933): App\Controllers\News->index()
 7 SYSTEMPATH\CodeIgniter.php(509): CodeIgniter\CodeIgniter->runController(Object(App\Controllers\News))
 8 SYSTEMPATH\CodeIgniter.php(355): CodeIgniter\CodeIgniter->handleRequest(null, Object(Config\Cache), false)
 9 SYSTEMPATH\Boot.php(325): CodeIgniter\CodeIgniter->run()
10 SYSTEMPATH\Boot.php(67): CodeIgniter\Boot::runCodeIgniter(Object(CodeIgniter\CodeIgniter))
11 FCPATH\index.php(56): CodeIgniter\Boot::bootWeb(Object(Config\Paths))
CRITICAL - 2025-03-12 18:22:18 --> [Caused by] ErrorException: pg_query(): Query failed: ERRORE:  la relazione &quot;news&quot; non esiste
LINE 1: SELECT * FROM news ORDER BY title;
                      ^
in SYSTEMPATH\Database\Postgre\Connection.php on line 204.
 1 [internal function]: CodeIgniter\Debug\Exceptions->errorHandler(2, 'pg_query(): Query failed: ERRORE:  la relazione &quot;news&quot; non esiste
LINE 1: SELECT * FROM news ORDER BY title;
                      ^', 'C:\\xampp\\htdocs\\codeigniter\\system\\Database\\Postgre\\Connection.php', 204)
 2 SYSTEMPATH\Database\Postgre\Connection.php(204): pg_query(Object(PgSql\Connection), 'SELECT * FROM news ORDER BY title;')
 3 SYSTEMPATH\Database\BaseConnection.php(734): CodeIgniter\Database\Postgre\Connection->execute('SELECT * FROM news ORDER BY title;')
 4 SYSTEMPATH\Database\BaseConnection.php(648): CodeIgniter\Database\BaseConnection->simpleQuery('SELECT * FROM news ORDER BY title;')
 5 SYSTEMPATH\Model.php(926): CodeIgniter\Database\BaseConnection->query('SELECT * FROM news ORDER BY title;')
 6 APPPATH\Models\NewsModel.php(21): CodeIgniter\Model->__call('query', [...])
 7 APPPATH\Controllers\News.php(12): App\Models\NewsModel->getNews()
 8 SYSTEMPATH\CodeIgniter.php(933): App\Controllers\News->index()
 9 SYSTEMPATH\CodeIgniter.php(509): CodeIgniter\CodeIgniter->runController(Object(App\Controllers\News))
10 SYSTEMPATH\CodeIgniter.php(355): CodeIgniter\CodeIgniter->handleRequest(null, Object(Config\Cache), false)
11 SYSTEMPATH\Boot.php(325): CodeIgniter\CodeIgniter->run()
12 SYSTEMPATH\Boot.php(67): CodeIgniter\Boot::runCodeIgniter(Object(CodeIgniter\CodeIgniter))
13 FCPATH\index.php(56): CodeIgniter\Boot::bootWeb(Object(Config\Paths))
WARNING - 2025-03-12 18:24:39 --> [DEPRECATED] Passing lowercase HTTP method "get" is deprecated. Use uppercase HTTP method like "GET". in SYSTEMPATH\Router\RouteCollection.php on line 1027.
 1 SYSTEMPATH\Router\RouteCollection.php(1027): trigger_error('Passing lowercase HTTP method "get" is deprecated. Use uppercase HTTP method like "GET".', 16384)
 2 APPPATH\Config\Routes.php(9): CodeIgniter\Router\RouteCollection->match([...], 'news/create', 'News::create')
 3 SYSTEMPATH\Router\RouteCollection.php(340): require('C:\\xampp\\htdocs\\codeigniter\\app\\Config\\Routes.php')
 4 SYSTEMPATH\CodeIgniter.php(823): CodeIgniter\Router\RouteCollection->loadRoutes()
 5 SYSTEMPATH\CodeIgniter.php(457): CodeIgniter\CodeIgniter->tryToRouteIt(null)
 6 SYSTEMPATH\CodeIgniter.php(355): CodeIgniter\CodeIgniter->handleRequest(null, Object(Config\Cache), false)
 7 SYSTEMPATH\Boot.php(325): CodeIgniter\CodeIgniter->run()
 8 SYSTEMPATH\Boot.php(67): CodeIgniter\Boot::runCodeIgniter(Object(CodeIgniter\CodeIgniter))
 9 FCPATH\index.php(56): CodeIgniter\Boot::bootWeb(Object(Config\Paths))
WARNING - 2025-03-12 18:24:39 --> [DEPRECATED] Passing lowercase HTTP method "post" is deprecated. Use uppercase HTTP method like "POST". in SYSTEMPATH\Router\RouteCollection.php on line 1027.
 1 SYSTEMPATH\Router\RouteCollection.php(1027): trigger_error('Passing lowercase HTTP method "post" is deprecated. Use uppercase HTTP method like "POST".', 16384)
 2 APPPATH\Config\Routes.php(9): CodeIgniter\Router\RouteCollection->match([...], 'news/create', 'News::create')
 3 SYSTEMPATH\Router\RouteCollection.php(340): require('C:\\xampp\\htdocs\\codeigniter\\app\\Config\\Routes.php')
 4 SYSTEMPATH\CodeIgniter.php(823): CodeIgniter\Router\RouteCollection->loadRoutes()
 5 SYSTEMPATH\CodeIgniter.php(457): CodeIgniter\CodeIgniter->tryToRouteIt(null)
 6 SYSTEMPATH\CodeIgniter.php(355): CodeIgniter\CodeIgniter->handleRequest(null, Object(Config\Cache), false)
 7 SYSTEMPATH\Boot.php(325): CodeIgniter\CodeIgniter->run()
 8 SYSTEMPATH\Boot.php(67): CodeIgniter\Boot::runCodeIgniter(Object(CodeIgniter\CodeIgniter))
 9 FCPATH\index.php(56): CodeIgniter\Boot::bootWeb(Object(Config\Paths))
WARNING - 2025-03-12 18:25:03 --> [DEPRECATED] Passing lowercase HTTP method "get" is deprecated. Use uppercase HTTP method like "GET". in SYSTEMPATH\Router\RouteCollection.php on line 1027.
 1 SYSTEMPATH\Router\RouteCollection.php(1027): trigger_error('Passing lowercase HTTP method "get" is deprecated. Use uppercase HTTP method like "GET".', 16384)
 2 APPPATH\Config\Routes.php(9): CodeIgniter\Router\RouteCollection->match([...], 'news/create', 'News::create')
 3 SYSTEMPATH\Router\RouteCollection.php(340): require('C:\\xampp\\htdocs\\codeigniter\\app\\Config\\Routes.php')
 4 SYSTEMPATH\CodeIgniter.php(823): CodeIgniter\Router\RouteCollection->loadRoutes()
 5 SYSTEMPATH\CodeIgniter.php(457): CodeIgniter\CodeIgniter->tryToRouteIt(null)
 6 SYSTEMPATH\CodeIgniter.php(355): CodeIgniter\CodeIgniter->handleRequest(null, Object(Config\Cache), false)
 7 SYSTEMPATH\Boot.php(325): CodeIgniter\CodeIgniter->run()
 8 SYSTEMPATH\Boot.php(67): CodeIgniter\Boot::runCodeIgniter(Object(CodeIgniter\CodeIgniter))
 9 FCPATH\index.php(56): CodeIgniter\Boot::bootWeb(Object(Config\Paths))
WARNING - 2025-03-12 18:25:03 --> [DEPRECATED] Passing lowercase HTTP method "post" is deprecated. Use uppercase HTTP method like "POST". in SYSTEMPATH\Router\RouteCollection.php on line 1027.
 1 SYSTEMPATH\Router\RouteCollection.php(1027): trigger_error('Passing lowercase HTTP method "post" is deprecated. Use uppercase HTTP method like "POST".', 16384)
 2 APPPATH\Config\Routes.php(9): CodeIgniter\Router\RouteCollection->match([...], 'news/create', 'News::create')
 3 SYSTEMPATH\Router\RouteCollection.php(340): require('C:\\xampp\\htdocs\\codeigniter\\app\\Config\\Routes.php')
 4 SYSTEMPATH\CodeIgniter.php(823): CodeIgniter\Router\RouteCollection->loadRoutes()
 5 SYSTEMPATH\CodeIgniter.php(457): CodeIgniter\CodeIgniter->tryToRouteIt(null)
 6 SYSTEMPATH\CodeIgniter.php(355): CodeIgniter\CodeIgniter->handleRequest(null, Object(Config\Cache), false)
 7 SYSTEMPATH\Boot.php(325): CodeIgniter\CodeIgniter->run()
 8 SYSTEMPATH\Boot.php(67): CodeIgniter\Boot::runCodeIgniter(Object(CodeIgniter\CodeIgniter))
 9 FCPATH\index.php(56): CodeIgniter\Boot::bootWeb(Object(Config\Paths))
WARNING - 2025-03-12 18:25:18 --> [DEPRECATED] Passing lowercase HTTP method "get" is deprecated. Use uppercase HTTP method like "GET". in SYSTEMPATH\Router\RouteCollection.php on line 1027.
 1 SYSTEMPATH\Router\RouteCollection.php(1027): trigger_error('Passing lowercase HTTP method "get" is deprecated. Use uppercase HTTP method like "GET".', 16384)
 2 APPPATH\Config\Routes.php(9): CodeIgniter\Router\RouteCollection->match([...], 'news/create', 'News::create')
 3 SYSTEMPATH\Router\RouteCollection.php(340): require('C:\\xampp\\htdocs\\codeigniter\\app\\Config\\Routes.php')
 4 SYSTEMPATH\CodeIgniter.php(823): CodeIgniter\Router\RouteCollection->loadRoutes()
 5 SYSTEMPATH\CodeIgniter.php(457): CodeIgniter\CodeIgniter->tryToRouteIt(null)
 6 SYSTEMPATH\CodeIgniter.php(355): CodeIgniter\CodeIgniter->handleRequest(null, Object(Config\Cache), false)
 7 SYSTEMPATH\Boot.php(325): CodeIgniter\CodeIgniter->run()
 8 SYSTEMPATH\Boot.php(67): CodeIgniter\Boot::runCodeIgniter(Object(CodeIgniter\CodeIgniter))
 9 FCPATH\index.php(56): CodeIgniter\Boot::bootWeb(Object(Config\Paths))
WARNING - 2025-03-12 18:25:18 --> [DEPRECATED] Passing lowercase HTTP method "post" is deprecated. Use uppercase HTTP method like "POST". in SYSTEMPATH\Router\RouteCollection.php on line 1027.
 1 SYSTEMPATH\Router\RouteCollection.php(1027): trigger_error('Passing lowercase HTTP method "post" is deprecated. Use uppercase HTTP method like "POST".', 16384)
 2 APPPATH\Config\Routes.php(9): CodeIgniter\Router\RouteCollection->match([...], 'news/create', 'News::create')
 3 SYSTEMPATH\Router\RouteCollection.php(340): require('C:\\xampp\\htdocs\\codeigniter\\app\\Config\\Routes.php')
 4 SYSTEMPATH\CodeIgniter.php(823): CodeIgniter\Router\RouteCollection->loadRoutes()
 5 SYSTEMPATH\CodeIgniter.php(457): CodeIgniter\CodeIgniter->tryToRouteIt(null)
 6 SYSTEMPATH\CodeIgniter.php(355): CodeIgniter\CodeIgniter->handleRequest(null, Object(Config\Cache), false)
 7 SYSTEMPATH\Boot.php(325): CodeIgniter\CodeIgniter->run()
 8 SYSTEMPATH\Boot.php(67): CodeIgniter\Boot::runCodeIgniter(Object(CodeIgniter\CodeIgniter))
 9 FCPATH\index.php(56): CodeIgniter\Boot::bootWeb(Object(Config\Paths))
